Arguments: 
  C:\Program Files\nodejs\node.exe C:\Users\Basti\.yarn\releases\yarn-1.22.11.js add dotend-extended

PATH: 
  C:\Program Files (x86)\Razer Chroma SDK\bin;C:\Program Files\Razer Chroma SDK\bin;C:\Program Files (x86)\Razer\ChromaBroadcast\bin;C:\Program Files\Razer\ChromaBroadcast\bin;C:\Program Files\NVIDIA GPU Computing Toolkit\CUDA\v11.6\bin;C:\Program Files\NVIDIA GPU Computing Toolkit\CUDA\v11.6\libnvvp;C:\Python310\Scripts\;C:\Python310\;C:\Program Files (x86)\Common Files\Oracle\Java\javapath;C:\Program Files (x86)\Intel\iCLS Client\;C:\Program Files\Intel\iCLS Client\;C:\Program Files (x86)\Common Files\Intel\Shared Libraries\redist\intel64\compiler;C:\WINDOWS\system32;C:\WINDOWS;C:\WINDOWS\System32\Wbem;C:\WINDOWS\System32\WindowsPowerShell\v1.0\;C:\WINDOWS\System32\OpenSSH\;C:\Program Files\Microsoft\Web Platform Installer\;S:\Putty\;C:\Program Files\Git\cmd;C:\Program Files\NVIDIA Corporation\NVIDIA NvDLISR;C:\Program Files (x86)\NVIDIA Corporation\PhysX\Common;C:\Program Files (x86)\Certbot\bin;C:\ProgramData\chocolatey\bin;C:\Program Files\NVIDIA Corporation\Nsight Compute 2022.1.1\;C:\Program Files (x86)\IBM\Cloud\bin;C:\WINDOWS\system32\config\systemprofile\AppData\Local\Microsoft\WindowsApps;;C:\Program Files (x86)\Yarn\bin\;C:\WINDOWS\system32;C:\WINDOWS;C:\WINDOWS\System32\Wbem;C:\WINDOWS\System32\WindowsPowerShell\v1.0\;C:\WINDOWS\System32\OpenSSH\;C:\Program Files\Docker\Docker\resources\bin;C:\Program Files\nodejs\;C:\Program Files\MySQL\MySQL Shell 8.0\bin\;C:\Users\Basti\.windows-build-tools\python27\;C:\Users\Basti\AppData\Local\Programs\Python\Python38-32\Scripts\;C:\Users\Basti\AppData\Local\Programs\Python\Python38-32\;C:\Users\Basti\AppData\Local\Microsoft\WindowsApps;C:\Users\Basti\AppData\Local\GitHubDesktop\bin;C:\Users\Basti\AppData\Local\atom\bin;S:\Visual Studio Code\Microsoft VS Code\bin;C:\Users\Basti\AppData\Local\Microsoft\WindowsApps;C:\Program Files\heroku\bin;C:\Program Files (x86)\Brackets\;C:\Users\Basti\AppData\Local\Google\Cloud SDK\google-cloud-sdk\bin;C:\Users\Basti\AppData\Local\Yarn\bin;C:\Users\Basti\AppData\Roaming\npm

Yarn version: 
  1.22.11

Node version: 
  18.12.1

Platform: 
  win32 x64

Trace: 
  Error: https://registry.yarnpkg.com/dotend-extended: Not found
      at params.callback [as _callback] (C:\Users\Basti\.yarn\releases\yarn-1.22.11.js:78522:18)
      at self.callback (C:\Users\Basti\.yarn\releases\yarn-1.22.11.js:135174:22)
      at Request.emit (node:events:513:28)
      at Request.<anonymous> (C:\Users\Basti\.yarn\releases\yarn-1.22.11.js:136146:10)
      at Request.emit (node:events:513:28)
      at IncomingMessage.<anonymous> (C:\Users\Basti\.yarn\releases\yarn-1.22.11.js:136068:12)
      at Object.onceWrapper (node:events:627:28)
      at IncomingMessage.emit (node:events:525:35)
      at endReadableNT (node:internal/streams/readable:1359:12)
      at process.processTicksAndRejections (node:internal/process/task_queues:82:21)

npm manifest: 
  {
    "name": "natantmo-app",
    "version": "1.0.0",
    "main": "index.js",
    "author": "Sebastian Boehler",
    "license": "MIT",
    "dependencies": {
      "typescript": "^4.9.4"
    }
  }

yarn manifest: 
  No manifest

Lockfile: 
  # THIS IS AN AUTOGENERATED FILE. DO NOT EDIT THIS FILE DIRECTLY.
  # yarn lockfile v1
  
  
  typescript@^4.9.4:
    version "4.9.4"
    resolved "https://registry.yarnpkg.com/typescript/-/typescript-4.9.4.tgz#a2a3d2756c079abda241d75f149df9d561091e78"
    integrity sha512-Uz+dTXYzxXXbsFpM86Wh3dKCxrQqUcVMxwU54orwlJjOpO3ao8L7j5lH+dWfTwgCwIuM9GQ2kvVotzYJMXTBZg==
